INFO 2025-12-21 17:32:58,097 autoreload 21016 7940 Watching for file changes with StatReloader
INFO 2025-12-21 17:33:09,734 basehttp 21016 23540 "GET /login/ HTTP/1.1" 200 4678
INFO 2025-12-21 17:33:09,924 basehttp 21016 23540 "GET /.well-known/appspecific/com.chrome.devtools.json HTTP/1.1" 302 0
INFO 2025-12-21 17:33:09,945 basehttp 21016 23540 "GET /login/?next=/.well-known/appspecific/com.chrome.devtools.json HTTP/1.1" 200 4678
INFO 2025-12-21 17:33:09,950 basehttp 21016 23540 "GET /static/css/toast.css HTTP/1.1" 304 0
INFO 2025-12-21 17:33:09,956 basehttp 21016 23540 "GET /static/js/toast.js HTTP/1.1" 304 0
ERROR 2025-12-21 17:33:21,012 log 21016 23540 Internal Server Error: /login/
Traceback (most recent call last):
  File "C:\Users\ALAMEEN\Documents\Documents\my_projects\BBMS\env\Lib\site-packages\django\core\handlers\exception.py", line 55, in inner
    response = get_response(request)
  File "C:\Users\ALAMEEN\Documents\Documents\my_projects\BBMS\env\Lib\site-packages\django\core\handlers\base.py", line 197, in _get_response
    response = wrapped_callback(request, *callback_args, **callback_kwargs)
  File "C:\Users\ALAMEEN\Documents\Documents\my_projects\BBMS\LYMS\LYMSApp\views.py", line 21, in login
    user = models.AuthMode.objects.filter(email=email).first()
           ^^^^^^^^^^^^^^^
AttributeError: module 'LYMSApp.models' has no attribute 'AuthMode'. Did you mean: 'AuthModel'?
ERROR 2025-12-21 17:33:21,453 basehttp 21016 23540 "POST /login/ HTTP/1.1" 500 2055
INFO 2025-12-21 17:33:58,086 autoreload 21016 7940 C:\Users\ALAMEEN\Documents\Documents\my_projects\BBMS\LYMS\LYMSApp\views.py changed, reloading.
INFO 2025-12-21 17:33:59,634 autoreload 25116 3040 Watching for file changes with StatReloader
INFO 2025-12-21 17:34:06,121 basehttp 25116 2876 "POST /login/ HTTP/1.1" 200 110
